321 [main] INFO  c.c.A.service.AdminFileService - File moved to /Users/astronauta/Documents/java_workspaces/projects/AdminiMover/src/test/resources/RootFolder/Hooplot Media BV/2018/1. Inkoop/Q4/11 November/20181115 Tesla.pdf
329 [main] INFO  c.c.A.service.AdminFileService - File moved to /Users/astronauta/Documents/java_workspaces/projects/AdminiMover/src/test/resources/RootFolder/Hooplot Holding BV/2019/1. Inkoop/Q3/08 Augustus/20190823 Good Music.pdf
331 [main] INFO  c.c.A.service.AdminFileService - File moved to /Users/astronauta/Documents/java_workspaces/projects/AdminiMover/src/test/resources/RootFolder/Hooplot Holding BV/2018/1. Inkoop/Q1/01 Januari/20180101 Wilde Haren de Podcast.pdf
332 [main] INFO  c.c.A.service.AdminFileService - File moved to /Users/astronauta/Documents/java_workspaces/projects/AdminiMover/src/test/resources/RootFolder/Hooplot Holding BV/2018/1. Inkoop/Q1/01 Januari/20180101 Wilde Haren de Podcast_1.pdf
193 [main] INFO  com.codeboyq.AdminiMover.MainApp - Input file: /var/folders/2x/jjvwhxd91f51xn6wswb453mh0000gn/T/Invoice17484662628726354265.pdf
289 [main] INFO  c.c.A.service.AdminFileService - File moved to /Users/astronauta/Documents/java_workspaces/projects/AdminiMover/src/test/resources/RootFolder/Hooplot Media BV/2018/1. Inkoop/Q4/11 November/20181115 Tesla.pdf
293 [main] INFO  c.c.A.service.AdminFileService - File moved to /Users/astronauta/Documents/java_workspaces/projects/AdminiMover/src/test/resources/RootFolder/Hooplot Holding BV/2019/1. Inkoop/Q3/08 Augustus/20190823 Good Music.pdf
294 [main] INFO  c.c.A.service.AdminFileService - File moved to /Users/astronauta/Documents/java_workspaces/projects/AdminiMover/src/test/resources/RootFolder/Hooplot Holding BV/2018/1. Inkoop/Q1/01 Januari/20180101 Wilde Haren de Podcast.pdf
295 [main] INFO  c.c.A.service.AdminFileService - File moved to /Users/astronauta/Documents/java_workspaces/projects/AdminiMover/src/test/resources/RootFolder/Hooplot Holding BV/2018/1. Inkoop/Q1/01 Januari/20180101 Wilde Haren de Podcast_1.pdf
311 [main] INFO  c.c.A.service.AdminFileService - File moved to /Users/astronauta/Documents/java_workspaces/projects/AdminiMover/src/test/resources/RootFolder/Hooplot Media BV/2018/1. Inkoop/Q4/11 November/20181115 Tesla.pdf
315 [main] INFO  c.c.A.service.AdminFileService - File moved to /Users/astronauta/Documents/java_workspaces/projects/AdminiMover/src/test/resources/RootFolder/Hooplot Holding BV/2019/1. Inkoop/Q3/08 Augustus/20190823 Good Music.pdf
317 [main] INFO  c.c.A.service.AdminFileService - File moved to /Users/astronauta/Documents/java_workspaces/projects/AdminiMover/src/test/resources/RootFolder/Hooplot Holding BV/2018/1. Inkoop/Q1/01 Januari/20180101 Wilde Haren de Podcast.pdf
318 [main] INFO  c.c.A.service.AdminFileService - File moved to /Users/astronauta/Documents/java_workspaces/projects/AdminiMover/src/test/resources/RootFolder/Hooplot Holding BV/2018/1. Inkoop/Q1/01 Januari/20180101 Wilde Haren de Podcast_1.pdf
349 [main] INFO  c.c.A.service.AdminFileService - File moved to /Users/astronauta/Documents/java_workspaces/projects/AdminiMover/src/test/resources/RootFolder/Hooplot Media BV/2018/1. Inkoop/Q4/11 November/20181115 Tesla.pdf
328 [main] INFO  c.c.A.service.AdminFileService - File moved to /Users/astronauta/Documents/java_workspaces/projects/AdminiMover/src/test/resources/RootFolder/Hooplot Media BV/2018/1. Inkoop/Q4/11 November/20181115 Tesla.pdf
346 [main] INFO  c.c.A.service.AdminFileService - File moved to /Users/astronauta/Documents/java_workspaces/projects/AdminiMover/src/test/resources/RootFolder/Hooplot Media BV/2018/1. Inkoop/Q4/11 November/20181115 Tesla.pdf
334 [main] INFO  c.c.A.service.AdminFileService - File moved to /Users/astronauta/Documents/java_workspaces/projects/AdminiMover/src/test/resources/RootFolder/Hooplot Media BV/2018/1. Inkoop/Q4/11 November/20181115 Tesla.pdf
361 [main] INFO  c.c.A.service.AdminFileService - File moved to /Users/astronauta/Documents/java_workspaces/projects/AdminiMover/src/test/resources/RootFolder/Hooplot Holding BV/2019/1. Inkoop/Q3/08 Augustus/20190823 Good Music.pdf
368 [main] INFO  c.c.A.service.AdminFileService - File moved to /Users/astronauta/Documents/java_workspaces/projects/AdminiMover/src/test/resources/RootFolder/Hooplot Media BV/2018/1. Inkoop/Q4/11 November/20181115 Tesla.pdf
205 [main] INFO  com.codeboyq.AdminiMover.MainApp - Input file: /var/folders/2x/jjvwhxd91f51xn6wswb453mh0000gn/T/Invoice6356473976709424839.pdf
244 [main] INFO  com.codeboyq.AdminiMover.MainApp - Input file: /var/folders/2x/jjvwhxd91f51xn6wswb453mh0000gn/T/Invoice14497795306438938604.pdf
271 [main] INFO  com.codeboyq.AdminiMover.MainApp - Input file: /var/folders/2x/jjvwhxd91f51xn6wswb453mh0000gn/T/Invoice974740960325611406.pdf
238 [main] INFO  com.codeboyq.AdminiMover.MainApp - Input file: /var/folders/2x/jjvwhxd91f51xn6wswb453mh0000gn/T/Invoice3239897105584044082.pdf
252 [main] INFO  com.codeboyq.AdminiMover.MainApp - Input file: BulletProof
252 [main] INFO  com.codeboyq.AdminiMover.MainApp - Input file: BulletProof
36071 [main] ERROR c.c.A.service.AdminFileService - Please supply an existing file
249 [main] INFO  com.codeboyq.AdminiMover.MainApp - Input file: BulletProof
15589 [main] ERROR c.c.A.service.AdminFileService - Please supply an existing file
